nohup: ignoring input
/home/ubuntu/anaconda3/lib/python3.6/site-packages/h5py/__init__.py:34: FutureWarning:

Conversion of the second argument of issubdtype from `float` to `np.floating` is deprecated. In future, it will be treated as `np.float64 == np.dtype(float).type`.

Using TensorFlow backend.
[1.430511474609375e-06] Load Train/Test
Train shape: 1503424 Rows, 16 Columns
Test shape: 508438 Rows, 16 Columns
[28.55410599708557] Create Validation Index
[28.55884313583374] Load Densenet image features
[62.22286772727966] Combine Train and Test

All Data shape: 2011862 Rows, 17 Columns
[63.239548206329346] Create folds
nnetdh5CV_2705A.py:102: SettingWithCopyWarning:


A value is trying to be set on a copy of a slice from a DataFrame

See the caveats in the documentation: http://pandas.pydata.org/pandas-docs/stable/indexing.html#indexing-view-versus-copy

[65.99440145492554] Missing values
[67.04092478752136] Feature Engineering Price
[67.67857933044434] Create Time Variables
[68.30561184883118] Text Features
[139.2458996772766] Categoricals with some low counts
[160.7045259475708] Encode Variables
Label encode emb_item_seq_number
Label encode user_id
Label encode image_top_1
Label encode region
Label encode city
Label encode emb_price
Label encode parent_category_name
Label encode category_name
Label encode user_type
Label encode emb_weekday
Label encode text_feat
Label encode cat_param_1
Label encode cat_param_2
Label encode cat_param_3
[216.5279302597046] Scale Variables
Scale cont_log_price
Scale cont_log_item_seq_number
[216.6023497581482] Embedding dimensions
{'emb_item_seq_number': 6, 'user_id': 12, 'image_top_1': 9, 'region': 5, 'city': 9, 'emb_price': 6, 'parent_category_name': 4, 'category_name': 5, 'user_type': 3, 'emb_weekday': 3, 'text_feat': 9, 'cat_param_1': 7, 'cat_param_2': 7, 'cat_param_3': 8}
[216.72018313407898] Clean text and tokenize
Tokenise description
Tokenise title
[1201.033414363861] Finished tokenizing text...
[1201.5709202289581] Finished FITTING TEXT DATA...
[1241.911530971527] Finished PROCESSING TEXT DATA...
[1291.0096640586853] Finished FEATURE CREATION
Fold 0 [1293.8708651065826] Modeling Stage
WARNING:tensorflow:From /home/ubuntu/anaconda3/lib/python3.6/site-packages/tensorflow/contrib/learn/python/learn/datasets/base.py:198: retry (from tensorflow.contrib.learn.python.learn.datasets.base) is deprecated and will be removed in a future version.
Instructions for updating:
Use the retry module or similar alternatives.
2018-05-30 22:19:58.389459: I tensorflow/core/platform/cpu_feature_guard.cc:140] Your CPU supports instructions that this TensorFlow binary was not compiled to use: AVX2 FMA
2018-05-30 22:20:02.025067: I tensorflow/stream_executor/cuda/cuda_gpu_executor.cc:898] successful NUMA node read from SysFS had negative value (-1), but there must be at least one NUMA node, so returning NUMA node zero
2018-05-30 22:20:02.025428: I tensorflow/core/common_runtime/gpu/gpu_device.cc:1344] Found device 0 with properties: 
name: Tesla K80 major: 3 minor: 7 memoryClockRate(GHz): 0.8235
pciBusID: 0000:00:1e.0
totalMemory: 11.17GiB freeMemory: 11.10GiB
2018-05-30 22:20:02.025451: I tensorflow/core/common_runtime/gpu/gpu_device.cc:1423] Adding visible gpu devices: 0
2018-05-30 22:21:01.426177: I tensorflow/core/common_runtime/gpu/gpu_device.cc:911] Device interconnect StreamExecutor with strength 1 edge matrix:
2018-05-30 22:21:01.426234: I tensorflow/core/common_runtime/gpu/gpu_device.cc:917]      0 
2018-05-30 22:21:01.426244: I tensorflow/core/common_runtime/gpu/gpu_device.cc:930] 0:   N 
2018-05-30 22:21:01.427505: I tensorflow/core/common_runtime/gpu/gpu_device.cc:1041] Created TensorFlow device (/job:localhost/replica:0/task:0/device:GPU:0 with 10765 MB memory) -> physical GPU (device: 0, name: Tesla K80, pci bus id: 0000:00:1e.0, compute capability: 3.7)
RMSE: 0.22020207649944137
RMSE: 0.2205102409604557
RMSE bags: 0.2191634667371465
RMSE: 0.22023454683601734
RMSE bags: 0.21884752655707207
RMSE: 0.22018089336794094
RMSE bags: 0.21871778155058086
RMSE: 0.22044719797945736
RMSE bags: 0.21866880026182417
RMSE: 0.22023087676561312
RMSE bags: 0.21856794281837175
RMSE: 0.22097738010857376
RMSE bags: 0.2185300995175841
RMSE: 0.22093947693889815
RMSE bags: 0.2184873142540526
RMSE: 0.22213917294937124
RMSE bags: 0.21844014390887087
RMSE: 0.22136489872921747
RMSE bags: 0.21844341538247444
RMSE: 0.2229181404674136
RMSE bags: 0.2184206265357635
RMSE: 0.22221478387902494
RMSE bags: 0.21842174699004321
RMSE: 0.22191346871257855
RMSE bags: 0.2184295465271515
RMSE: 0.2227843492889235
RMSE bags: 0.21846579664320548
RMSE: 0.22308117387526843
RMSE bags: 0.21850758967394385
RMSE: 0.22235333188681777
RMSE bags: 0.21850577085395423
RMSE: 0.22389483069635824
RMSE bags: 0.21852757270528916
RMSE: 0.22410561290584227
RMSE bags: 0.21856002145395642
RMSE: 0.22375778386472667
RMSE bags: 0.21859640743625053
RMSE: 0.22027934546198955
RMSE bags: 0.21849779670463293
RMSE: 0.2202678983323464
RMSE bags: 0.21842226100304318
RMSE: 0.22038053725119208
RMSE bags: 0.21835326486288786
RMSE: 0.22023829288561478
RMSE bags: 0.21830433129371044
RMSE: 0.2203258675081816
RMSE bags: 0.21827011456381346
RMSE: 0.2205440083789959
RMSE bags: 0.21824825884819465
RMSE: 0.22070548913160035
RMSE bags: 0.21821992366482965
RMSE: 0.22076448086208814
RMSE bags: 0.21820531735756205
RMSE: 0.22065239260835895
RMSE bags: 0.21818597667471634
RMSE: 0.22099805177640414
RMSE bags: 0.2181754485056562
RMSE: 0.2212903823029325
RMSE bags: 0.21816389336133662
RMSE: 0.22143882682923177
RMSE bags: 0.21815736923325382
RMSE: 0.22250772012683032
RMSE bags: 0.21816849440984754
RMSE: 0.22218843237653702
RMSE bags: 0.2181637052079039
RMSE: 0.2222869236037793
RMSE bags: 0.21816468599592062
RMSE: 0.22287543030958923
RMSE bags: 0.21817027441211587
RMSE: 0.2225695654574901
RMSE bags: 0.21817325064750084
RMSE: 0.22365350620570423
RMSE bags: 0.2181816658935889
RMSE: 0.2235020366368352
RMSE bags: 0.21818740516226645
RMSE: 0.21986476072710662
RMSE bags: 0.21815503287286014
RMSE: 0.22059794760969734
RMSE bags: 0.21813594898903646
RMSE: 0.22004463815871564
RMSE bags: 0.21811079652555718
RMSE: 0.22014128956796705
RMSE bags: 0.2180925012282448
RMSE: 0.22035951988805566
RMSE bags: 0.2180767934506799
RMSE: 0.22042942834935916
RMSE bags: 0.21806354262066924
RMSE: 0.22023588946529699
RMSE bags: 0.21804201065903855
RMSE: 0.22118286720815955
RMSE bags: 0.21803340607681598
RMSE: 0.22080266144556132
RMSE bags: 0.21802681382200825
RMSE: 0.2204070518310939
RMSE bags: 0.21801638939163734
RMSE: 0.22096882016017746
RMSE bags: 0.21800056511692228
RMSE: 0.22174306167916735
RMSE bags: 0.2180007130529184
RMSE: 0.2218954250018388
RMSE bags: 0.21799777271858978
RMSE: 0.22156414351533663
RMSE bags: 0.21798554091679315
RMSE: 0.22195787607932607
RMSE bags: 0.21798805842450744
RMSE: 0.22233953741445522
RMSE bags: 0.21798591210787877
RMSE: 0.22238765225719215
RMSE bags: 0.2179786094057443
RMSE: 0.22296522997600024
RMSE bags: 0.21797596681487247
RMSE: 0.2237210001340573
RMSE bags: 0.21797478422493535
Fold 1 [11980.921096086502] Modeling Stage
RMSE: 0.21998703949263573
RMSE: 0.22088383850118742
RMSE bags: 0.21928040072177482
RMSE: 0.2204781777142637
RMSE bags: 0.21892782958919127
RMSE: 0.22029370881921262
RMSE bags: 0.21872483637424908
RMSE: 0.2201303453446721
RMSE bags: 0.21858689237117773
RMSE: 0.22091435239291476
RMSE bags: 0.21853047276871868
RMSE: 0.22094370644742325
RMSE bags: 0.2185166362444785
RMSE: 0.2207218415424408
RMSE bags: 0.2185065854787235
RMSE: 0.22122370786794143
RMSE bags: 0.21849354530152715
RMSE: 0.22097857036892765
RMSE bags: 0.2184889484102775
RMSE: 0.22128188368600157
RMSE bags: 0.2184756185865174
RMSE: 0.22189980234272977
RMSE bags: 0.21848955300295914
RMSE: 0.22149714492689596
RMSE bags: 0.2184829231665311
RMSE: 0.22164498048561554
RMSE bags: 0.2184802740916323
RMSE: 0.22328864320965644
RMSE bags: 0.2185163280640985
RMSE: 0.22251793975435508
RMSE bags: 0.21853266684882994
RMSE: 0.22385047685713585
RMSE bags: 0.21855792335310384
RMSE: 0.22449159227565832
RMSE bags: 0.21859103322930507
RMSE: 0.22343102284125974
RMSE bags: 0.21862168001114335
RMSE: 0.2203587712299915
RMSE bags: 0.21851956710280546
RMSE: 0.22063538128974058
RMSE bags: 0.2184650103028996
RMSE: 0.22054468492661972
RMSE bags: 0.21840879589260304
RMSE: 0.22044152559356484
RMSE bags: 0.21836465520606965
RMSE: 0.22192594090465656
RMSE bags: 0.21835814434726455
RMSE: 0.22077505033594533
RMSE bags: 0.21832053662422687
RMSE: 0.22114954964712277
RMSE bags: 0.21829838872236135
RMSE: 0.22128991882669882
RMSE bags: 0.21828813793091548
RMSE: 0.22192354472364936
RMSE bags: 0.21828955609057377
RMSE: 0.22116907613441059
RMSE bags: 0.21826476814040938
RMSE: 0.22136522351441734
RMSE bags: 0.21824816098811317
RMSE: 0.22123103743837566
RMSE bags: 0.2182344716742549
RMSE: 0.2220266412718098
RMSE bags: 0.21823597242575418
RMSE: 0.22205368692124103
RMSE bags: 0.21822093480432797
RMSE: 0.22263153273384023
RMSE bags: 0.2182210093099757
RMSE: 0.2226402591165741
RMSE bags: 0.2182082477732517
RMSE: 0.22335882140106464
RMSE bags: 0.21821332988051528
RMSE: 0.22465083228371924
RMSE bags: 0.21824607617852074
RMSE: 0.22390514089349128
RMSE bags: 0.21823832900106996
RMSE: 0.22125123903604632
RMSE bags: 0.21823237976153828
RMSE: 0.22080927655669685
RMSE bags: 0.218213409458849
RMSE: 0.22034750559877614
RMSE bags: 0.21819763791642993
RMSE: 0.22091648514388845
RMSE bags: 0.21819331189224095
RMSE: 0.2204845594780311
RMSE bags: 0.21818231250316583
RMSE: 0.22109013710480438
RMSE bags: 0.21817708652776444
RMSE: 0.22119630684547503
RMSE bags: 0.2181685129493152
RMSE: 0.22082578210101805
RMSE bags: 0.21815621067355845
RMSE: 0.22156081019507445
RMSE bags: 0.2181589160754043
RMSE: 0.2213836415160809
RMSE bags: 0.21815337433498286
RMSE: 0.22224281364608683
RMSE bags: 0.21816256423111519
RMSE: 0.22161480538266176
RMSE bags: 0.2181551482865274
RMSE: 0.22194403148055264
RMSE bags: 0.21814972033237864
RMSE: 0.22247410758465022
RMSE bags: 0.21814368716647056
RMSE: 0.2228811242381363
RMSE bags: 0.21814643910841375
RMSE: 0.22292069935234038
RMSE bags: 0.2181539270029469
RMSE: 0.22293775459626045
RMSE bags: 0.2181515464481636
RMSE: 0.22386808512478057
RMSE bags: 0.21815120874431265
RMSE: 0.2236437550970704
RMSE bags: 0.2181548981318382
Fold 2 [22621.164021015167] Modeling Stage
RMSE: 0.21766162047231224
RMSE: 0.21746701572636512
RMSE bags: 0.21657939346817198
RMSE: 0.2176639008966381
RMSE bags: 0.2163151398635567
RMSE: 0.21777035601503178
RMSE bags: 0.21600477554688421
RMSE: 0.21770495572946605
RMSE bags: 0.21588485396840487
RMSE: 0.2180947848969806
RMSE bags: 0.21584875445944834
RMSE: 0.21799053084712572
RMSE bags: 0.21580215818998252
RMSE: 0.2185882579724502
RMSE bags: 0.21576319736192148
RMSE: 0.21825140603327453
RMSE bags: 0.21570650745427725
RMSE: 0.2184906573008759
RMSE bags: 0.21568783534088382
RMSE: 0.21943233310140925
RMSE bags: 0.21570901305185858
RMSE: 0.21872326325200941
RMSE bags: 0.21569631345386042
RMSE: 0.21869564312247433
RMSE bags: 0.21570180807077816
RMSE: 0.21842411023130487
RMSE bags: 0.21568702336026443
RMSE: 0.2200139552480413
RMSE bags: 0.21567491931872879
RMSE: 0.2189993210064705
RMSE bags: 0.2156618843351854
RMSE: 0.21943489181710432
RMSE bags: 0.2156548895792926
RMSE: 0.21979716297133264
RMSE bags: 0.2156675710580401
RMSE: 0.22068343619278735
RMSE bags: 0.215698313884409
RMSE: 0.2174542570317826
RMSE bags: 0.2156204313760153
RMSE: 0.2176757485799694
RMSE bags: 0.2155546028014763
RMSE: 0.2183606866414237
RMSE bags: 0.21549903360218886
RMSE: 0.2172503575850104
RMSE bags: 0.21544356566663878
RMSE: 0.21769701885746423
RMSE bags: 0.2154150519973041
RMSE: 0.21736291423562737
RMSE bags: 0.21538094419275325
RMSE: 0.21781849150945595
RMSE bags: 0.21535966483093158
RMSE: 0.21807799812427595
RMSE bags: 0.21533197065694054
RMSE: 0.21831626285633576
RMSE bags: 0.2153183218949904
RMSE: 0.21897853316867244
RMSE bags: 0.21530776790411632
RMSE: 0.21877857756722974
RMSE bags: 0.215307582271129
RMSE: 0.2187993427036559
RMSE bags: 0.21530003781273965
RMSE: 0.21893119298061245
RMSE bags: 0.21529000556543668
RMSE: 0.2185235232277312
RMSE bags: 0.21527758324891547
RMSE: 0.21930618497063728
RMSE bags: 0.2152733391761798
RMSE: 0.2201298544175693
RMSE bags: 0.21524890092656734
RMSE: 0.22038976744349872
RMSE bags: 0.21522706006487538
RMSE: 0.22014773259150497
RMSE bags: 0.21521167800036975
RMSE: 0.21972472150073868
RMSE bags: 0.21520180488446275
RMSE: 0.2184843557121177
RMSE bags: 0.21517597777616335
RMSE: 0.21734075135404438
RMSE bags: 0.21515468223021592
RMSE: 0.21732480418407837
RMSE bags: 0.21513216740992241
RMSE: 0.21713495380817166
RMSE bags: 0.21511509740154278
RMSE: 0.217198770270039
RMSE bags: 0.2150950092391535
RMSE: 0.2176663159915253
RMSE bags: 0.2150848333470194
RMSE: 0.21848067967305995
RMSE bags: 0.21507954373519078
RMSE: 0.2183105111343537
RMSE bags: 0.21507442698220738
RMSE: 0.21849644132085602
RMSE bags: 0.21506837440863158
RMSE: 0.21869239729575587
RMSE bags: 0.21506398912495717
RMSE: 0.21953225683384878
RMSE bags: 0.21506154962166665
RMSE: 0.2196551338360686
RMSE bags: 0.2150543438713432
RMSE: 0.21917924080834958
RMSE bags: 0.21504996632156198
RMSE: 0.21938076896174555
RMSE bags: 0.215049664364213
RMSE: 0.2201167661262252
RMSE bags: 0.21504722061805132
RMSE: 0.21995253498654013
RMSE bags: 0.2150497072722966
RMSE: 0.22158390553621768
RMSE bags: 0.21505332559277854
RMSE: 0.22183128659615955
RMSE bags: 0.2150567537648343
RMSE: 0.22069982798145366
RMSE bags: 0.2150612407359016
Fold 3 [33309.11927175522] Modeling Stage
RMSE: 0.2205886378187363
RMSE: 0.22031641597005508
RMSE bags: 0.21947972699012264
RMSE: 0.22053468329712314
RMSE bags: 0.21920677734991278
RMSE: 0.2203178251894883
RMSE bags: 0.2190138571131446
RMSE: 0.22165590788423514
RMSE bags: 0.21903926136104576
RMSE: 0.22119835524051362
RMSE bags: 0.21902058124954335
RMSE: 0.22123017724955488
RMSE bags: 0.21893751964433672
RMSE: 0.22216880342163065
RMSE bags: 0.2188352048698287
RMSE: 0.22144970844017095
RMSE bags: 0.21881934675008297
RMSE: 0.22482512600121213
RMSE bags: 0.21883226880384904
RMSE: 0.22356764807372592
RMSE bags: 0.2188951530617017
RMSE: 0.2234400452868013
RMSE bags: 0.21895939641866294
RMSE: 0.2235201411753661
RMSE bags: 0.21900272702665657
RMSE: 0.22331910833960925
RMSE bags: 0.21903505311851895
RMSE: 0.22394991864214484
RMSE bags: 0.2190705583894816
RMSE: 0.22377491508582475
RMSE bags: 0.21910085324600498
RMSE: 0.22434973988965276
RMSE bags: 0.21917560756815715
RMSE: 0.22413139009974914
RMSE bags: 0.21920969065495022
RMSE: 0.22404058438103866
RMSE bags: 0.21924600244144876
RMSE: 0.2206484699404479
RMSE bags: 0.2191555192190373
RMSE: 0.220499745945537
RMSE bags: 0.21909282284548373
RMSE: 0.2204829213958589
RMSE bags: 0.21903738005931336
RMSE: 0.22185502328378903
RMSE bags: 0.21898500198907858
RMSE: 0.22111716226010675
RMSE bags: 0.21894692923105794
RMSE: 0.22144800815601512
RMSE bags: 0.21889212427296711
RMSE: 0.22157507187850706
RMSE bags: 0.21886652097811887
RMSE: 0.22126985048532058
RMSE bags: 0.21883129597530704
RMSE: 0.2210314327196865
RMSE bags: 0.21879590905822674
RMSE: 0.22187451752711873
RMSE bags: 0.2187890339888918
RMSE: 0.2221654914100488
RMSE bags: 0.2187527470731708
RMSE: 0.22359387286608207
RMSE bags: 0.21873119674907676
RMSE: 0.2224371709520902
RMSE bags: 0.2186999907196422
RMSE: 0.22264655510442644
RMSE bags: 0.21869783843854
RMSE: 0.2227524503786623
RMSE bags: 0.2186945359968623
RMSE: 0.22217299883290909
RMSE bags: 0.2186737739488623
RMSE: 0.22214967790065968
RMSE bags: 0.21866186282212233
RMSE: 0.22311139700421395
RMSE bags: 0.21864339942179936
RMSE: 0.2231451648728814
RMSE bags: 0.21863616455763246
RMSE: 0.22116098196286532
RMSE bags: 0.2186212076846459
RMSE: 0.2206956926786987
RMSE bags: 0.21860498999409936
RMSE: 0.22122459584231277
RMSE bags: 0.21860131170159894
RMSE: 0.22108118128735052
RMSE bags: 0.21858718156100046
RMSE: 0.22100346702740217
RMSE bags: 0.21858421089622312
RMSE: 0.22124891142440803
RMSE bags: 0.2185794478747861
RMSE: 0.22157379630571408
RMSE bags: 0.2185737447889887
RMSE: 0.222092872996159
RMSE bags: 0.21857066496071048
RMSE: 0.22158974176378798
RMSE bags: 0.21856947958726936
RMSE: 0.2218896006643295
RMSE bags: 0.21856413993966956
RMSE: 0.22200534821635823
RMSE bags: 0.21856496305846385
RMSE: 0.2228580569451638
RMSE bags: 0.21856944047419533
RMSE: 0.22251260358363037
RMSE bags: 0.21857656564522765
RMSE: 0.2226750043508979
RMSE bags: 0.218573379356706
RMSE: 0.22246005376801126
RMSE bags: 0.21856974490974143
RMSE: 0.22328985865070825
RMSE bags: 0.21857768960259621
RMSE: 0.22420200995342165
RMSE bags: 0.21857529137969725
RMSE: 0.22358642134431642
RMSE bags: 0.2185704185830317
RMSE: 0.22449714943161028
RMSE bags: 0.21856900196254272
Fold 4 [44196.2436568737] Modeling Stage
RMSE: 0.2159419878884286
RMSE: 0.21670458983300564
RMSE bags: 0.21543536280141473
RMSE: 0.21675056047610416
RMSE bags: 0.2152444932139207
RMSE: 0.2168919664966016
RMSE bags: 0.21497744859789658
RMSE: 0.21711826271222245
RMSE bags: 0.21486514838756704
RMSE: 0.21648092439568808
RMSE bags: 0.21477711908670896
RMSE: 0.21703974553207714
RMSE bags: 0.21474775528362305
RMSE: 0.2162400015989337
RMSE bags: 0.2146710801218151
RMSE: 0.21678109214918598
RMSE bags: 0.21462712613857368
RMSE: 0.21668704448400508
RMSE bags: 0.21457454699245246
RMSE: 0.21668766915020649
RMSE bags: 0.2144918303386101
RMSE: 0.21737422070300103
RMSE bags: 0.2144430205221349
RMSE: 0.21749879379349063
RMSE bags: 0.21442660063856642
RMSE: 0.2172750593665622
RMSE bags: 0.21442368226623076
RMSE: 0.21791394984163473
RMSE bags: 0.21441864282685566
RMSE: 0.21771334391389688
RMSE bags: 0.21442476075860487
RMSE: 0.21765325464404658
RMSE bags: 0.21441766395028025
RMSE: 0.21748449684582127
RMSE bags: 0.21440878574571381
RMSE: 0.21818487277043583
RMSE bags: 0.21439922658606914
RMSE: 0.21746287067982695
RMSE bags: 0.2143505585076338
RMSE: 0.21653474102489367
RMSE bags: 0.2143145327852422
RMSE: 0.21698770791206604
RMSE bags: 0.2143059416211611
RMSE: 0.21726730805889888
RMSE bags: 0.2143066099689472
RMSE: 0.21669663718444113
RMSE bags: 0.21428426213127988
RMSE: 0.21673699226063525
RMSE bags: 0.21426902512178805
RMSE: 0.21678101352487508
RMSE bags: 0.2142515420004798
RMSE: 0.21670972868739308
RMSE bags: 0.2142434493255932
RMSE: 0.21731708943832784
RMSE bags: 0.2142369262488068
RMSE: 0.21729728643665838
RMSE bags: 0.21423432020577382
RMSE: 0.21713730374007276
RMSE bags: 0.21423469518074414
RMSE: 0.2169565470705635
RMSE bags: 0.21422755599145887
RMSE: 0.21826587148115478
RMSE bags: 0.21424618922096014
RMSE: 0.21754736441902703
RMSE bags: 0.21425403957305178
RMSE: 0.21850105954469815
RMSE bags: 0.21427207333163134
RMSE: 0.22073201057134792
RMSE bags: 0.21427971563540524
RMSE: 0.2204576432680116
RMSE bags: 0.2142810795375979
RMSE: 0.2207151379432431
RMSE bags: 0.21430042117833584
RMSE: 0.22024978681974966
RMSE bags: 0.21430248807922628
RMSE: 0.2164797476796471
RMSE bags: 0.2142906807946393
RMSE: 0.2170004269440414
RMSE bags: 0.2142850618486298
RMSE: 0.2166848901541918
RMSE bags: 0.21428300941660472
RMSE: 0.21643499250539722
RMSE bags: 0.21428091464434448
RMSE: 0.21633502430400714
RMSE bags: 0.21426966473814904
RMSE: 0.21695991000247222
RMSE bags: 0.21426836085547574
RMSE: 0.2171514190453334
RMSE bags: 0.2142636872329343
RMSE: 0.21693997612427104
RMSE bags: 0.2142476462825045
RMSE: 0.21672222226765328
RMSE bags: 0.21423749189521793
RMSE: 0.21780143001513
RMSE bags: 0.21424877570842976
RMSE: 0.2169802186263899
RMSE bags: 0.21424500275721048
RMSE: 0.21687814720468754
RMSE bags: 0.21423497587322188
RMSE: 0.21772130237663667
RMSE bags: 0.21422610975426265
RMSE: 0.21861833476686324
RMSE bags: 0.21421077738507954
RMSE: 0.21798289853798541
RMSE bags: 0.21420403180612485
RMSE: 0.21738667244040744
RMSE bags: 0.21419493119289837
RMSE: 0.21749851102211384
RMSE bags: 0.21418491851849175
RMSE: 0.21819042955523604
RMSE bags: 0.21417743166668488
RMSE: 0.21957657266692757
RMSE bags: 0.21417265247102693
Fold 5 [55657.854474782944] Modeling Stage
