nohup: ignoring input
[1.6689300537109375e-06] Load Train/Test
Train shape: 1503424 Rows, 16 Columns
Test shape: 508438 Rows, 16 Columns
[27.466082334518433] Create Validation Index
[27.47070050239563] Load Densenet image features
[81.97506594657898] Combine Train and Test

All Data shape: 2011862 Rows, 17 Columns
[82.99001121520996] Create folds
[85.71071195602417] Missing values
[86.77310514450073] Feature Engineering Price
[87.40086817741394] Create Time Variables
[88.006103515625] Text Features
[158.0870761871338] Categoricals with some low counts
[178.28109908103943] Encode Variables
Label encode emb_item_seq_number
Label encode user_id
Label encode image_top_1
Label encode region
Label encode city
Label encode emb_price
Label encode parent_category_name
Label encode category_name
Label encode user_type
Label encode emb_weekday
Label encode text_feat
Label encode cat_param_1
Label encode cat_param_2
Label encode cat_param_3
[229.12670636177063] Scale Variables
Scale cont_log_price
Scale cont_log_item_seq_number
[229.19122982025146] Embedding dimensions
{'emb_item_seq_number': 6, 'user_id': 12, 'image_top_1': 9, 'region': 5, 'city': 9, 'emb_price': 6, 'parent_category_name': 4, 'category_name': 5, 'user_type': 3, 'emb_weekday': 3, 'text_feat': 9, 'cat_param_1': 7, 'cat_param_2': 7, 'cat_param_3': 8}
[229.30833315849304] Clean text and tokenize
Tokenise description
/home/ubuntu/anaconda3/lib/python3.6/site-packages/h5py/__init__.py:34: FutureWarning:

Conversion of the second argument of issubdtype from `float` to `np.floating` is deprecated. In future, it will be treated as `np.float64 == np.dtype(float).type`.

Using TensorFlow backend.
nnetdh5CV_2705A.py:102: SettingWithCopyWarning:


A value is trying to be set on a copy of a slice from a DataFrame

See the caveats in the documentation: http://pandas.pydata.org/pandas-docs/stable/indexing.html#indexing-view-versus-copy

Tokenise title
WARNING:tensorflow:From /home/ubuntu/anaconda3/lib/python3.6/site-packages/tensorflow/contrib/learn/python/learn/datasets/base.py:198: retry (from tensorflow.contrib.learn.python.learn.datasets.base) is deprecated and will be removed in a future version.
Instructions for updating:
Use the retry module or similar alternatives.
2018-06-01 09:09:45.522391: I tensorflow/core/platform/cpu_feature_guard.cc:140] Your CPU supports instructions that this TensorFlow binary was not compiled to use: AVX2 FMA
2018-06-01 09:09:48.266767: I tensorflow/stream_executor/cuda/cuda_gpu_executor.cc:898] successful NUMA node read from SysFS had negative value (-1), but there must be at least one NUMA node, so returning NUMA node zero
2018-06-01 09:09:48.267137: I tensorflow/core/common_runtime/gpu/gpu_device.cc:1344] Found device 0 with properties: 
name: Tesla K80 major: 3 minor: 7 memoryClockRate(GHz): 0.8235
pciBusID: 0000:00:1e.0
totalMemory: 11.17GiB freeMemory: 11.10GiB
2018-06-01 09:09:48.267162: I tensorflow/core/common_runtime/gpu/gpu_device.cc:1423] Adding visible gpu devices: 0
2018-06-01 09:09:48.502277: I tensorflow/core/common_runtime/gpu/gpu_device.cc:911] Device interconnect StreamExecutor with strength 1 edge matrix:
2018-06-01 09:09:48.502325: I tensorflow/core/common_runtime/gpu/gpu_device.cc:917]      0 
2018-06-01 09:09:48.502334: I tensorflow/core/common_runtime/gpu/gpu_device.cc:930] 0:   N 
2018-06-01 09:09:48.502616: I tensorflow/core/common_runtime/gpu/gpu_device.cc:1041] Created TensorFlow device (/job:localhost/replica:0/task:0/device:GPU:0 with 10765 MB memory) -> physical GPU (device: 0, name: Tesla K80, pci bus id: 0000:00:1e.0, compute capability: 3.7)
[1206.1484038829803] Finished tokenizing text...
[1206.1697053909302] Finished FITTING TEXT DATA...
[1245.8081595897675] Finished PROCESSING TEXT DATA...
[1294.2549040317535] Finished FEATURE CREATION
Fold 1 [1297.5653541088104] Modeling Stage
RMSE: 0.22077663465789046
RMSE: 0.22030994672227835
RMSE bags: 0.2196127129361657
RMSE: 0.22117944696294634
RMSE bags: 0.2189937925923173
RMSE: 0.2203938723268093
RMSE bags: 0.21882629720202335
RMSE: 0.2205948254237659
RMSE bags: 0.2186524598907812
RMSE: 0.22071009869600725
RMSE bags: 0.21861875926179627
RMSE: 0.22066737352542207
RMSE bags: 0.21856910926687662
RMSE: 0.22136722985054125
RMSE bags: 0.21856394269980609
RMSE: 0.22146627797706334
RMSE bags: 0.21856051429933004
RMSE: 0.22112239713422188
RMSE bags: 0.21853307709608027
RMSE: 0.2216985825610188
RMSE bags: 0.2185428516478541
RMSE: 0.2216946996108912
RMSE bags: 0.21855069494858897
RMSE: 0.2219637394065949
RMSE bags: 0.2185881350675155
RMSE: 0.22203581347688706
RMSE bags: 0.21859947758125806
RMSE: 0.2226791951138379
RMSE bags: 0.218618421993158
RMSE: 0.22253942163423526
RMSE bags: 0.21864199720752817
RMSE: 0.22323160592318753
RMSE bags: 0.2186665726540843
RMSE: 0.22424960309597175
RMSE bags: 0.2186955444820526
RMSE: 0.22280689132378287
RMSE bags: 0.21872319029882048
RMSE: 0.22012744869729378
RMSE bags: 0.21861391044169745
RMSE: 0.22040386656664776
RMSE bags: 0.2185442216119254
RMSE: 0.22010957088633196
RMSE bags: 0.21847460084840126
RMSE: 0.22055602098044264
RMSE bags: 0.21842762214433148
RMSE: 0.22082370753482874
RMSE bags: 0.2183700106480922
RMSE: 0.22085785902417707
RMSE bags: 0.21834663534249882
RMSE: 0.22138822300958064
RMSE bags: 0.21832700207429437
RMSE: 0.221234783565499
RMSE bags: 0.21830682066872048
RMSE: 0.22252310238008333
RMSE bags: 0.21829797967322595
RMSE: 0.22182847824208926
RMSE bags: 0.2182900029880674
RMSE: 0.22193760761838266
RMSE bags: 0.21827606655717285
RMSE: 0.22246518897784634
RMSE bags: 0.21828254928984897
RMSE: 0.2229319436288763
RMSE bags: 0.21829104330206067
RMSE: 0.22309787715785762
RMSE bags: 0.2182729379984894
RMSE: 0.2226281527915845
RMSE bags: 0.21827698992650418
RMSE: 0.2231572395950367
RMSE bags: 0.218277601648543
RMSE: 0.22425880379749402
RMSE bags: 0.21827357133562897
RMSE: 0.22351626998273144
RMSE bags: 0.21827696142939568
RMSE: 0.2240009882997222
RMSE bags: 0.21828011623521235
RMSE: 0.22061349338481984
RMSE bags: 0.2182532816989115
RMSE: 0.22042190830177447
RMSE bags: 0.21823310795202042
RMSE: 0.22086925481300151
RMSE bags: 0.21821623630915601
RMSE: 0.2205066056449507
RMSE bags: 0.21819834437388266
RMSE: 0.22046856672820725
RMSE bags: 0.2181801236521856
RMSE: 0.22058183120519384
RMSE bags: 0.21816862217376848
RMSE: 0.22047808737216892
RMSE bags: 0.21815023891573365
RMSE: 0.22157679171131256
RMSE bags: 0.218154228734015
RMSE: 0.22074983629494252
RMSE bags: 0.21814478247732055
RMSE: 0.22136249037965747
RMSE bags: 0.21813575438581
RMSE: 0.2215690186773212
RMSE bags: 0.21812467141095068
RMSE: 0.22171005701693353
RMSE bags: 0.21811554820487927
RMSE: 0.22131615593007656
RMSE bags: 0.2181078507466462
RMSE: 0.2219458380879187
RMSE bags: 0.21810924998575573
RMSE: 0.22244605125228478
RMSE bags: 0.21811489752706448
RMSE: 0.2230729808883364
RMSE bags: 0.2181177679934603
RMSE: 0.22280384348983276
RMSE bags: 0.21811387511505453
RMSE: 0.22364633469274198
RMSE bags: 0.2181072501273888
RMSE: 0.22368968400147488
RMSE bags: 0.21811452520868171
Fold 2 [11884.087471485138] Modeling Stage
RMSE: 0.21707698978712656
RMSE: 0.2171821527389028
RMSE bags: 0.2161876680586061
RMSE: 0.21763652791149873
RMSE bags: 0.21586396396255916
RMSE: 0.21753603853508227
RMSE bags: 0.2156981509983392
RMSE: 0.21770542165546802
RMSE bags: 0.21563378392444227
RMSE: 0.21712278900288576
RMSE bags: 0.21552051501970035
RMSE: 0.2175386835233943
RMSE bags: 0.21549113379606663
RMSE: 0.21754570946486468
RMSE bags: 0.2154493938140773
RMSE: 0.21776668451831044
RMSE bags: 0.21540299720615042
RMSE: 0.2183463343417352
RMSE bags: 0.21538774478038233
RMSE: 0.21854154047720742
RMSE bags: 0.21537451086175302
RMSE: 0.2187279635465906
RMSE bags: 0.21536310609549528
RMSE: 0.21904007449119509
RMSE bags: 0.21537168882877533
RMSE: 0.21844197432741352
RMSE bags: 0.21536365932432983
RMSE: 0.2183032388749327
RMSE bags: 0.2153592746360276
RMSE: 0.21910110516047002
RMSE bags: 0.21536851065104945
RMSE: 0.21907949626780904
RMSE bags: 0.2153785117811961
RMSE: 0.21902899152222297
RMSE bags: 0.21536436040923548
RMSE: 0.21973697172558176
RMSE bags: 0.2153621666420945
RMSE: 0.21760303527929903
RMSE bags: 0.21530663854793558
RMSE: 0.21718226747577574
RMSE bags: 0.2152544789196286
RMSE: 0.21730150006101273
RMSE bags: 0.21522286747817593
RMSE: 0.21737139298394373
RMSE bags: 0.21519467388102326
RMSE: 0.21839120222565778
RMSE bags: 0.21517754377807527
RMSE: 0.21740224619865817
RMSE bags: 0.21516616406470732
RMSE: 0.21774533656071357
RMSE bags: 0.21516140764044564
RMSE: 0.21775441818345012
RMSE bags: 0.21515251762058366
RMSE: 0.21803650137275027
RMSE bags: 0.21515032836251216
RMSE: 0.2185156140235749
RMSE bags: 0.21513839341064842
RMSE: 0.21802932476252324
RMSE bags: 0.21513265998325815
RMSE: 0.21857920639781506
RMSE bags: 0.2151396558099098
RMSE: 0.21962014826865753
RMSE bags: 0.21514047971924619
RMSE: 0.21981022140271872
RMSE bags: 0.21513123875390275
RMSE: 0.2195841770989136
RMSE bags: 0.2151258040606977
RMSE: 0.21936174452980547
RMSE bags: 0.2151215738838605
RMSE: 0.2193154537779423
RMSE bags: 0.21512395230947365
RMSE: 0.2221022534564285
RMSE bags: 0.21513732641882363
RMSE: 0.22140103328659208
RMSE bags: 0.21514056623225306
RMSE: 0.21763969561692945
RMSE bags: 0.21512330368570923
RMSE: 0.21722139206598873
RMSE bags: 0.21510415990012233
RMSE: 0.2175230116994532
RMSE bags: 0.2150944096467017
RMSE: 0.21779265874172749
RMSE bags: 0.21507958682388062
RMSE: 0.2175892568540796
RMSE bags: 0.21506673657388592
RMSE: 0.21812260735091235
RMSE bags: 0.21506202551065423
RMSE: 0.21779167677115557
RMSE bags: 0.21505570634783752
RMSE: 0.21822377879361382
RMSE bags: 0.21504903482747456
RMSE: 0.21838853411464365
RMSE bags: 0.2150406399415517
RMSE: 0.2178762689345059
RMSE bags: 0.21503052549422075
RMSE: 0.21856488104864064
RMSE bags: 0.21501855863234562
RMSE: 0.2190768627151189
RMSE bags: 0.21501584826748685
RMSE: 0.21853330322435963
RMSE bags: 0.2150084251363311
RMSE: 0.21913819828954312
RMSE bags: 0.2150059897408875
RMSE: 0.21886420933790077
RMSE bags: 0.21499635364087297
RMSE: 0.21997820469884255
RMSE bags: 0.2149946074945479
RMSE: 0.21989934019227836
RMSE bags: 0.21499268808016908
RMSE: 0.22042196287606394
RMSE bags: 0.21498538593641878
RMSE: 0.22045692262872965
RMSE bags: 0.2149815283260208
Fold 3 [22466.258852005005] Modeling Stage
RMSE: 0.22132477549231896
RMSE: 0.2218251615712518
RMSE bags: 0.22074469086730167
RMSE: 0.22045190372576973
RMSE bags: 0.21998714852984275
RMSE: 0.22092787691752022
RMSE bags: 0.2197199522934853
RMSE: 0.22069732940577655
RMSE bags: 0.2195129671209024
RMSE: 0.2211026717792436
RMSE bags: 0.21944118458358575
RMSE: 0.2209491211507059
RMSE bags: 0.2193876296650371
RMSE: 0.22087985178367683
RMSE bags: 0.21932962420686453
RMSE: 0.22119172900434422
RMSE bags: 0.21927926749247814
RMSE: 0.22233626918927876
RMSE bags: 0.21913420282917523
RMSE: 0.22191388047505387
RMSE bags: 0.21913754416622036
RMSE: 0.2228012920291899
RMSE bags: 0.21917994859645848
RMSE: 0.22191332856550758
RMSE bags: 0.21919362474889048
RMSE: 0.22196447363527927
RMSE bags: 0.21911826905321782
RMSE: 0.22302643338342673
RMSE bags: 0.2191453701064754
RMSE: 0.22303129205444155
RMSE bags: 0.2191363284398305
RMSE: 0.2236962070938618
RMSE bags: 0.2191484260505991
RMSE: 0.2240895884661907
RMSE bags: 0.21911135050615047
RMSE: 0.22344705936637382
RMSE bags: 0.2190992791619518
RMSE: 0.2212514832524514
RMSE bags: 0.21902005623276502
RMSE: 0.22178257522357728
RMSE bags: 0.21896633705334204
RMSE: 0.22194685542850315
RMSE bags: 0.21895335492971818
RMSE: 0.22163622558652504
RMSE bags: 0.21892693572610214
RMSE: 0.22268731889515345
RMSE bags: 0.21891242924084173
RMSE: 0.22263420334842807
RMSE bags: 0.2188799006907111
RMSE: 0.22176007661639985
RMSE bags: 0.2188724148580922
RMSE: 0.22229733920657935
RMSE bags: 0.21886493968168186
RMSE: 0.22251627332633622
RMSE bags: 0.2188736239102874
RMSE: 0.22244056224246023
RMSE bags: 0.2188629861094009
RMSE: 0.22182906251376625
RMSE bags: 0.21884604833641225
RMSE: 0.22222947712827207
RMSE bags: 0.2188478322201014
RMSE: 0.22205692971691704
RMSE bags: 0.218852624003018
RMSE: 0.22189568675924648
RMSE bags: 0.21885410316096507
RMSE: 0.22239508794874788
RMSE bags: 0.21886166857000205
RMSE: 0.22250810612605917
RMSE bags: 0.218866237724941
RMSE: 0.22297165980490494
RMSE bags: 0.21887298541991007
RMSE: 0.22402910415366162
RMSE bags: 0.2188725322439248
RMSE: 0.22331387171423564
RMSE bags: 0.21888510431114572
RMSE: 0.22058880155446012
RMSE bags: 0.2188580260499806
RMSE: 0.2207542054454359
RMSE bags: 0.21884050778504302
RMSE: 0.22094626679876142
RMSE bags: 0.21882537009525052
RMSE: 0.2206490808471432
RMSE bags: 0.21878712611656453
RMSE: 0.22106870261136502
RMSE bags: 0.21876910226342583
RMSE: 0.2212784662609784
RMSE bags: 0.21875645425500365
RMSE: 0.221467586536744
RMSE bags: 0.21874162178969017
RMSE: 0.22147467470561724
RMSE bags: 0.21871935917842025
RMSE: 0.2215446513535845
RMSE bags: 0.21869684870890116
RMSE: 0.22168704492303018
RMSE bags: 0.21869323316879172
RMSE: 0.22218460699827336
RMSE bags: 0.21868959839339003
RMSE: 0.22241590037510553
RMSE bags: 0.2186869428788769
RMSE: 0.22332162286646678
RMSE bags: 0.21869168392814417
RMSE: 0.2223500671802874
RMSE bags: 0.21868566462890285
RMSE: 0.2233859285696853
RMSE bags: 0.2186747294045634
RMSE: 0.2233105829804143
RMSE bags: 0.21865849611433125
RMSE: 0.22354709696463643
RMSE bags: 0.21865121266751705
RMSE: 0.22435912295525698
RMSE bags: 0.2186476898646136
RMSE: 0.225183298972151
RMSE bags: 0.21865081148551266
Fold 4 [33308.0912296772] Modeling Stage
RMSE: 0.2165030450515374
RMSE: 0.2166688784545848
RMSE bags: 0.21569958601963837
RMSE: 0.2172812904416562
RMSE bags: 0.21556761997880985
RMSE: 0.21656136619546074
RMSE bags: 0.21534817195166656
RMSE: 0.21710612994818929
RMSE bags: 0.21525484315015736
RMSE: 0.2167844586571466
RMSE bags: 0.21516720565487318
RMSE: 0.2168585263323315
RMSE bags: 0.21505454032118926
RMSE: 0.21698288823292233
RMSE bags: 0.21502721290604407
RMSE: 0.2171336751231133
RMSE bags: 0.21499093734307137
RMSE: 0.21814842811514157
RMSE bags: 0.21495893807256722
RMSE: 0.2179287212478939
RMSE bags: 0.21492275501544206
RMSE: 0.2212926293303593
RMSE bags: 0.21491590807096658
RMSE: 0.22138905577546591
RMSE bags: 0.21497478755882682
RMSE: 0.2207976503062831
RMSE bags: 0.21502704505018408
RMSE: 0.22035922374823846
RMSE bags: 0.21510039902576233
RMSE: 0.22068579635224175
RMSE bags: 0.21515120526825068
RMSE: 0.2212715241063643
RMSE bags: 0.21523338384449614
RMSE: 0.22052513711156163
RMSE bags: 0.2152935161936594
RMSE: 0.2208763680608838
RMSE bags: 0.21537682590100277
RMSE: 0.21718125855172193
RMSE bags: 0.21530036172531716
RMSE: 0.21682539084487035
RMSE bags: 0.21523175136168538
RMSE: 0.21732437504998103
RMSE bags: 0.215181692269637
RMSE: 0.2171618620890047
RMSE bags: 0.21514017685441292
RMSE: 0.2183898970864459
RMSE bags: 0.21511189020729513
RMSE: 0.21712448384820435
RMSE bags: 0.21503761486819936
RMSE: 0.21696884711596437
RMSE bags: 0.21497854458680626
RMSE: 0.2163671248959778
RMSE bags: 0.21493551419510834
RMSE: 0.21694421234884212
RMSE bags: 0.21489354143239378
RMSE: 0.21893478165138391
RMSE bags: 0.21488533182593028
RMSE: 0.218391813009138
RMSE bags: 0.2148797735906656
RMSE: 0.21839521627782144
RMSE bags: 0.2148764218153586
RMSE: 0.21703833367821526
RMSE bags: 0.21484638984803456
RMSE: 0.21879353992094536
RMSE bags: 0.21484972031765756
RMSE: 0.2174674715332047
RMSE bags: 0.21483015966906174
RMSE: 0.22022571419414622
RMSE bags: 0.21486849965993898
RMSE: 0.21832192050003466
RMSE bags: 0.2148719435666356
RMSE: 0.21821306521060488
RMSE bags: 0.2148773613991323
RMSE: 0.21730673821954585
RMSE bags: 0.21486214605065326
RMSE: 0.21642886170474007
RMSE bags: 0.21483836504250747
RMSE: 0.21758799239766602
RMSE bags: 0.21483733730605314
RMSE: 0.21747656708441399
RMSE bags: 0.2147759985158577
RMSE: 0.21632159813794707
RMSE bags: 0.21473123311067918
RMSE: 0.21601837057823337
RMSE bags: 0.2146837302950314
RMSE: 0.21756280566847694
RMSE bags: 0.21468197415873863
RMSE: 0.21718988620979227
RMSE bags: 0.21465307243567466
RMSE: 0.21697212506279553
RMSE bags: 0.21461773993728409
RMSE: 0.2174453002701617
RMSE bags: 0.21460884756269968
RMSE: 0.21728959053599767
RMSE bags: 0.21457935158395255
RMSE: 0.21766800526678184
RMSE bags: 0.2145706144437487
RMSE: 0.2171670508627297
RMSE bags: 0.2145427360884641
RMSE: 0.218233736599738
RMSE bags: 0.2145051921132858
RMSE: 0.21754480841272297
RMSE bags: 0.21448314200330781
RMSE: 0.21764190511331818
RMSE bags: 0.21446640757655563
RMSE: 0.21757263854502598
RMSE bags: 0.21444507335691218
RMSE: 0.2191102247324748
RMSE bags: 0.21442589370387988
RMSE: 0.21878168519812347
RMSE bags: 0.2144014315225094
RMSE: 0.2191314500780405
RMSE bags: 0.21437921187697317
Fold 5 [44670.554601192474] Modeling Stage
Traceback (most recent call last):
  File "nnetdh5CV_2705A.py", line 470, in <module>
    rnnsub['deal_probability'].clip(0.0, 1.0, inplace=True)
  File "/home/ubuntu/anaconda3/lib/python3.6/site-packages/pandas/core/generic.py", line 4285, in clip
    axis = nv.validate_clip_with_axis(axis, args, kwargs)
  File "/home/ubuntu/anaconda3/lib/python3.6/site-packages/pandas/compat/numpy/function.py", line 153, in validate_clip_with_axis
    validate_clip(args, kwargs)
  File "/home/ubuntu/anaconda3/lib/python3.6/site-packages/pandas/compat/numpy/function.py", line 54, in __call__
    self.defaults)
  File "/home/ubuntu/anaconda3/lib/python3.6/site-packages/pandas/util/_validators.py", line 217, in validate_args_and_kwargs
    validate_kwargs(fname, kwargs, compat_args)
  File "/home/ubuntu/anaconda3/lib/python3.6/site-packages/pandas/util/_validators.py", line 155, in validate_kwargs
    _check_for_invalid_keys(fname, kwargs, compat_args)
  File "/home/ubuntu/anaconda3/lib/python3.6/site-packages/pandas/util/_validators.py", line 126, in _check_for_invalid_keys
    format(fname=fname, arg=bad_arg)))
TypeError: clip() got an unexpected keyword argument 'inplace'
